[INFO ] 2023-12-11 13:02:49.400 [main] LoginPageTest - Testing Login Functionality
[INFO ] 2023-12-11 13:02:53.547 [main] LoginPageTest - Testing Login Functionality
[INFO ] 2023-12-11 13:03:00.528 [main] LoginPageTest - Testing Login Functionality
[INFO ] 2023-12-11 13:26:59.595 [main] LoginPageTest - Testing Login Functionality
[INFO ] 2023-12-11 13:27:03.986 [main] LoginPageTest - Testing Login Functionality
[INFO ] 2023-12-11 13:27:11.423 [main] LoginPageTest - Testing Login Functionality
[INFO ] 2023-12-11 13:35:30.570 [main] LoginPageTest - Testing Login Functionality
[INFO ] 2023-12-11 13:35:34.616 [main] LoginPageTest - Testing Login Functionality
[INFO ] 2023-12-11 13:35:41.798 [main] LoginPageTest - Testing Login Functionality
[INFO ] 2023-12-11 15:58:20.984 [main] LoginPageTest - Testing Login Functionality
[INFO ] 2023-12-11 15:58:25.225 [main] LoginPageTest - Testing Login Functionality
[ERROR] 2023-12-11 15:58:25.809 [main] LoginPageTest - Login Failed
[INFO ] 2023-12-11 15:58:32.192 [main] LoginPageTest - Testing Login Functionality
[INFO ] 2023-12-11 16:00:19.020 [main] LoginPageTest - Testing Login Functionality
[ERROR] 2023-12-11 16:00:19.024 [main] LoginPageTest - Login Failed
[INFO ] 2023-12-11 16:00:23.046 [main] LoginPageTest - Testing Login Functionality
[ERROR] 2023-12-11 16:00:23.047 [main] LoginPageTest - Login Failed
[INFO ] 2023-12-11 16:00:30.075 [main] LoginPageTest - Testing Login Functionality
[ERROR] 2023-12-11 16:00:30.075 [main] LoginPageTest - Login Failed
[INFO ] 2023-12-11 16:05:24.823 [main] LoginPageTest - Testing Login Functionality
[INFO ] 2023-12-11 16:05:29.325 [main] LoginPageTest - Testing Login Functionality
[ERROR] 2023-12-11 16:05:29.327 [main] LoginPageTest - Login Failed
[INFO ] 2023-12-11 16:05:36.451 [main] LoginPageTest - Testing Login Functionality
[INFO ] 2023-12-11 16:06:37.608 [main] LoginPageTest - Testing Login Functionality
[INFO ] 2023-12-11 16:06:41.657 [main] LoginPageTest - Testing Login Functionality
[INFO ] 2023-12-11 16:06:48.514 [main] LoginPageTest - Testing Login Functionality
[INFO ] 2023-12-11 17:09:36.282 [main] RequestABookTest - Testing Login
[INFO ] 2023-12-11 17:09:41.121 [main] RequestABookTest - Testing Request a Book
[INFO ] 2023-12-11 17:09:48.542 [main] RequestABookTest - Testing Request a Book
[INFO ] 2023-12-11 17:09:55.841 [main] RequestABookTest - Testing Request a Book
[INFO ] 2023-12-11 17:27:35.451 [main] LoginPageTest - Testing Login Functionality
[INFO ] 2023-12-11 17:27:38.905 [main] LoginPageTest - Testing Login Functionality
[INFO ] 2023-12-11 17:27:44.745 [main] LoginPageTest - Testing Login Functionality
[INFO ] 2023-12-11 17:41:37.525 [main] LoginPageTest - Testing Login Functionality
[INFO ] 2023-12-11 17:41:40.832 [main] LoginPageTest - Testing Login Functionality
[INFO ] 2023-12-11 17:41:47.069 [main] LoginPageTest - Testing Login Functionality
[INFO ] 2023-12-11 19:33:51.447 [main] LoginPageTest - Testing Login Functionality
[INFO ] 2023-12-11 19:33:55.718 [main] LoginPageTest - Testing Login Functionality
[ERROR] 2023-12-11 19:33:55.890 [main] LoginPageTest - Login Failed
[INFO ] 2023-12-11 19:35:19.973 [main] LoginPageTest - Testing Login Functionality
[INFO ] 2023-12-11 19:35:23.850 [main] LoginPageTest - Testing Login Functionality
[ERROR] 2023-12-11 19:35:24.017 [main] LoginPageTest - Login Failed
[INFO ] 2023-12-11 19:35:57.446 [main] LoginPageTest - Testing Login Functionality
[INFO ] 2023-12-11 19:36:01.600 [main] LoginPageTest - Testing Login Functionality
[ERROR] 2023-12-11 19:36:01.786 [main] LoginPageTest - Login Failed
[INFO ] 2023-12-11 19:36:45.591 [main] LoginPageTest - Testing Login Functionality
[INFO ] 2023-12-11 19:36:52.116 [main] LoginPageTest - Testing Login Functionality
[INFO ] 2023-12-11 20:19:01.975 [main] LoginPageTest - Testing Login Functionality
[INFO ] 2023-12-11 20:19:08.916 [main] LoginPageTest - Testing Login Functionality
[INFO ] 2023-12-12 00:12:06.654 [main] LoginPageTest - Testing Login Functionality
[INFO ] 2023-12-12 00:12:10.920 [main] LoginPageTest - Testing Login Functionality
[INFO ] 2023-12-12 00:12:17.759 [main] LoginPageTest - Testing Login Functionality
[INFO ] 2023-12-12 00:12:26.843 [main] FictionBooksTest - Testing FictionBooks Page Functionality
[INFO ] 2023-12-12 00:12:47.674 [main] TodaysDealPageTest - Testing TodaysDeal Page Functionality
[INFO ] 2023-12-12 00:13:06.974 [main] RequestABookTest - Testing Login
[INFO ] 2023-12-12 00:13:11.054 [main] RequestABookTest - Testing Request a Book
[INFO ] 2023-12-12 00:13:17.950 [main] RequestABookTest - Testing Request a Book
[INFO ] 2023-12-12 00:13:24.966 [main] RequestABookTest - Testing Request a Book
[INFO ] 2023-12-12 00:13:41.913 [main] AwardWinnersPageTest - Testing AwardWinners Page Functionality
[INFO ] 2023-12-12 00:13:55.794 [main] BestSellersPageTest - Testing BestSeller Page Functionality
[INFO ] 2023-12-12 00:14:08.617 [main] BoxSetsPageTest - Testing BoxSets Page Functionality
[INFO ] 2023-12-12 00:14:22.417 [main] NewArrivalsPageTest - Testing NewArrivals Page Functionality
[INFO ] 2023-12-12 15:07:21.416 [main] LoginPageTest - Testing Login Functionality
[INFO ] 2023-12-12 15:07:25.282 [main] LoginPageTest - Testing Login Functionality
[INFO ] 2023-12-12 15:07:31.466 [main] LoginPageTest - Testing Login Functionality
[INFO ] 2023-12-12 15:09:04.815 [main] LoginPageTest - Testing Login Functionality
[INFO ] 2023-12-12 15:09:08.812 [main] LoginPageTest - Testing Login Functionality
[INFO ] 2023-12-12 15:09:17.412 [main] LoginPageTest - Testing Login Functionality
[INFO ] 2023-12-12 15:10:42.652 [main] LoginPageTest - Testing Login Functionality
[INFO ] 2023-12-12 15:10:46.750 [main] LoginPageTest - Testing Login Functionality
[INFO ] 2023-12-12 15:10:54.448 [main] LoginPageTest - Testing Login Functionality
[INFO ] 2023-12-12 15:14:02.458 [main] LoginPageTest - Testing Login Functionality
[INFO ] 2023-12-12 15:14:05.730 [main] LoginPageTest - Testing Login Functionality
[INFO ] 2023-12-12 15:14:11.496 [main] LoginPageTest - Testing Login Functionality
[INFO ] 2023-12-12 15:15:38.382 [main] LoginPageTest - Testing Login Functionality
[INFO ] 2023-12-12 15:15:43.446 [main] LoginPageTest - Testing Login Functionality
[INFO ] 2023-12-12 15:16:24.177 [main] LoginPageTest - Testing Login Functionality
[INFO ] 2023-12-12 15:16:27.495 [main] LoginPageTest - Testing Login Functionality
[INFO ] 2023-12-12 15:16:32.913 [main] LoginPageTest - Testing Login Functionality
[INFO ] 2023-12-12 15:17:57.302 [main] LoginPageTest - Testing Login Functionality
[INFO ] 2023-12-12 15:18:00.540 [main] LoginPageTest - Testing Login Functionality
[INFO ] 2023-12-12 15:18:05.650 [main] LoginPageTest - Testing Login Functionality
[INFO ] 2023-12-12 15:20:40.749 [main] LoginPageTest - Testing Login Functionality
[INFO ] 2023-12-12 15:20:44.037 [main] LoginPageTest - Testing Login Functionality
[INFO ] 2023-12-12 15:20:49.264 [main] LoginPageTest - Testing Login Functionality
[INFO ] 2023-12-12 15:21:50.206 [main] LoginPageTest - Testing Login Functionality
[INFO ] 2023-12-12 15:21:53.464 [main] LoginPageTest - Testing Login Functionality
[INFO ] 2023-12-12 15:21:58.775 [main] LoginPageTest - Testing Login Functionality
[INFO ] 2023-12-12 15:47:59.257 [main] LoginPageTest - Testing Login Functionality
[INFO ] 2023-12-12 15:48:02.641 [main] LoginPageTest - Testing Login Functionality
[INFO ] 2023-12-12 15:48:07.940 [main] LoginPageTest - Testing Login Functionality
[INFO ] 2023-12-12 16:03:54.460 [main] LoginPageTest - Testing Login Functionality
[INFO ] 2023-12-12 16:03:57.721 [main] LoginPageTest - Testing Login Functionality
[INFO ] 2023-12-12 16:04:02.919 [main] LoginPageTest - Testing Login Functionality
[INFO ] 2023-12-12 16:06:05.174 [main] LoginPageTest - Testing Login Functionality
[INFO ] 2023-12-12 16:06:08.906 [main] LoginPageTest - Testing Login Functionality
[INFO ] 2023-12-12 16:06:16.288 [main] LoginPageTest - Testing Login Functionality
[INFO ] 2023-12-12 16:08:05.632 [main] LoginPageTest - Testing Login Functionality
[INFO ] 2023-12-12 16:08:10.228 [main] LoginPageTest - Testing Login Functionality
[INFO ] 2023-12-12 16:08:17.703 [main] LoginPageTest - Testing Login Functionality
[INFO ] 2023-12-12 16:41:37.742 [main] LoginPageTest - Testing Login Functionality
[INFO ] 2023-12-12 16:41:42.532 [main] LoginPageTest - Testing Login Functionality
[INFO ] 2023-12-12 16:41:47.841 [main] LoginPageTest - Testing Login Functionality
[INFO ] 2023-12-12 17:07:41.087 [main] LoginPageTest - Testing Login Functionality
[INFO ] 2023-12-12 17:07:46.033 [main] LoginPageTest - Testing Login Functionality
[INFO ] 2023-12-12 17:07:51.314 [main] LoginPageTest - Testing Login Functionality
[INFO ] 2023-12-12 17:24:22.752 [main] FictionBooksTest - Testing FictionBooks Page Functionality
[INFO ] 2023-12-12 17:26:54.459 [main] FictionBooksTest - Testing FictionBooks Page Functionality
[INFO ] 2023-12-12 17:29:42.087 [main] FictionBooksTest - Testing FictionBooks Page Functionality
[INFO ] 2023-12-12 17:32:19.369 [main] LoginPageTest - Testing Login Functionality
[INFO ] 2023-12-12 17:32:23.637 [main] LoginPageTest - Testing Login Functionality
[INFO ] 2023-12-12 17:32:32.832 [main] LoginPageTest - Testing Login Functionality
[INFO ] 2023-12-12 17:52:06.047 [main] LoginPageTest - Testing Login Functionality
[INFO ] 2023-12-12 17:52:10.517 [main] LoginPageTest - Testing Login Functionality
[INFO ] 2023-12-12 17:52:16.597 [main] LoginPageTest - Testing Login Functionality
[INFO ] 2023-12-12 17:52:25.372 [main] FictionBooksTest - Testing FictionBooks Page Functionality
[INFO ] 2023-12-12 17:52:53.731 [main] TodaysDealPageTest - Testing TodaysDeal Page Functionality
[INFO ] 2023-12-12 17:53:24.960 [main] RequestABookTest - Testing Login
[INFO ] 2023-12-12 17:53:29.678 [main] RequestABookTest - Testing Request a Book
[INFO ] 2023-12-12 17:53:36.932 [main] RequestABookTest - Testing Request a Book
[INFO ] 2023-12-12 17:53:44.340 [main] RequestABookTest - Testing Request a Book
[INFO ] 2023-12-12 17:54:01.103 [main] AwardWinnersPageTest - Testing AwardWinners Page Functionality
[INFO ] 2023-12-12 17:54:17.414 [main] BestSellersPageTest - Testing BestSeller Page Functionality
[INFO ] 2023-12-12 17:54:32.870 [main] BoxSetsPageTest - Testing BoxSets Page Functionality
[INFO ] 2023-12-12 17:54:47.352 [main] NewArrivalsPageTest - Testing NewArrivals Page Functionality
